<?xml version="1.0" encoding="UTF-8"?>
<testsuite name="Computer Page Test"
           tests="5"
           failures="0"
           errors="0"
           skipped="0"
           time="6.300">
  <properties />
  
  
            <testcase name="bankManagerShouldAddCustomerSuccessfully" time="1.436" classname="com.bank.testsuite.BankTest" />
                <testcase name="bankManagerShouldOpenAccountSuccessfully" time="1.226" classname="com.bank.testsuite.BankTest" />
                <testcase name="customerShouldLoginAndLogoutSuceessfully" time="1.579" classname="com.bank.testsuite.BankTest" />
                <testcase name="customerShouldWithdrawMoneySuccessfully" time="0.000" classname="com.bank.testsuite.BankTest" />
                <testcase name="customerShouldDepositMoneySuccessfully" time="2.059" classname="com.bank.testsuite.BankTest" />
      
</testsuite>
